<html>
<head>
<title>thucydidesTest.stories.consult_dictionary.Adding2FieldsToTheTable</title>
<style type="text/css" media="all">
@import url( "./style/jbehave-core.css" );
</style>
</head>
<body>
 
<script type="syntaxhighlighter" class="brush: xml"><![CDATA[
<story path="thucydidesTest/stories/consult_dictionary/Adding2FieldsToTheTable.story" title="">
<scenario keyword="Scenario:" title="Adding 2 fields to the table">
<step outcome="failed" keyword="FAILED">Given the user is on the Ranorex web page<failure>net.thucydides.core.webdriver.WebdriverAssertionError: java.lang.NoClassDefFoundError: org/json/JSONException</failure></step>
<step outcome="notPerformed" keyword="NOT PERFORMED">Given the user enter first name <parameter>Frank</parameter></step>
<step outcome="notPerformed" keyword="NOT PERFORMED">Given the user enter last name <parameter>Sinatra</parameter></step>
<step outcome="notPerformed" keyword="NOT PERFORMED">When the user press button &apos;Add&apos; first time</step>
<step outcome="notPerformed" keyword="NOT PERFORMED">Given the user enter first name <parameter>Kings</parameter></step>
<step outcome="notPerformed" keyword="NOT PERFORMED">Given the user enter last name <parameter>Of Leon</parameter></step>
<step outcome="notPerformed" keyword="NOT PERFORMED">When the user press button &apos;Add&apos; second time</step>
<step outcome="notPerformed" keyword="NOT PERFORMED">Then vip count should be 2</step>
<failure>net.thucydides.core.webdriver.WebdriverAssertionError: java.lang.NoClassDefFoundError: org/json/JSONException
	at org.openqa.selenium.firefox.FirefoxProfile.&lt;init&gt;(FirefoxProfile.java:88)
	at org.openqa.selenium.firefox.FirefoxProfile.&lt;init&gt;(FirefoxProfile.java:78)
	at org.openqa.selenium.firefox.FirefoxProfile.&lt;init&gt;(FirefoxProfile.java:66)
	at net.thucydides.core.webdriver.WebDriverFactory.createNewFirefoxProfile(WebDriverFactory.java:690)
	at net.thucydides.core.webdriver.WebDriverFactory.buildFirefoxProfile(WebDriverFactory.java:713)
	at net.thucydides.core.webdriver.WebDriverFactory.firefoxDriver(WebDriverFactory.java:535)
	at net.thucydides.core.webdriver.WebDriverFactory.newWebdriverInstance(WebDriverFactory.java:169)
	at net.thucydides.core.webdriver.WebDriverFacade.newDriverInstance(WebDriverFacade.java:88)
	at net.thucydides.core.webdriver.WebDriverFacade.newProxyDriver(WebDriverFacade.java:82)
	at net.thucydides.core.webdriver.WebDriverFacade.getProxiedDriver(WebDriverFacade.java:54)
	at net.thucydides.core.webdriver.WebDriverFacade.openIgnoringHtmlUnitScriptErrors(WebDriverFacade.java:123)
	at net.thucydides.core.webdriver.WebDriverFacade.get(WebDriverFacade.java:118)
	at net.thucydides.core.pages.PageObject.openPageAtUrl(PageObject.java:733)
	at net.thucydides.core.pages.PageObject.open(PageObject.java:643)
	at net.thucydides.core.pages.PageObject.open(PageObject.java:631)
	at thucydidesTest.steps.AddingAFieldUserSteps.is_the_web_page(AddingAFieldUserSteps.java:19)
	at thucydidesTest.steps.AddingAFieldUserSteps$$EnhancerByCGLIB$$2d64dee5.CGLIB$is_the_web_page$4(&lt;generated&gt;)
	at thucydidesTest.steps.AddingAFieldUserSteps$$EnhancerByCGLIB$$2d64dee5$$FastClassByCGLIB$$7d6b9eb2.invoke(&lt;generated&gt;)
	at net.sf.cglib.proxy.MethodProxy.invokeSuper(MethodProxy.java:228)
	at net.thucydides.core.steps.StepInterceptor.invokeMethod(StepInterceptor.java:300)
	at net.thucydides.core.steps.StepInterceptor.executeTestStepMethod(StepInterceptor.java:285)
	at net.thucydides.core.steps.StepInterceptor.runTestStep(StepInterceptor.java:261)
	at net.thucydides.core.steps.StepInterceptor.testStepResult(StepInterceptor.java:125)
	at net.thucydides.core.steps.StepInterceptor.intercept(StepInterceptor.java:51)
	at thucydidesTest.steps.AddingAFieldUserSteps$$EnhancerByCGLIB$$2d64dee5.is_the_web_page(&lt;generated&gt;)
	at thucydidesTest.jbehave.DefinitionStepsAdding2FieldsToTheTable.givenTheUserIsOnTheRanorexWebPage(DefinitionStepsAdding2FieldsToTheTable.java:23)
	(reflection-invoke)
	at org.jbehave.core.steps.StepCreator$ParametrisedStep.perform(StepCreator.java:595)
	at org.jbehave.core.embedder.StoryRunner$FineSoFar.run(StoryRunner.java:535)
...</failure>
</scenario>
</story>

]]></script>
</body>
<!--  SyntaxHighlighter resources:  should be included at end of body -->
<link rel="stylesheet" type="text/css" href="./style/sh-3.0.83/shCore.css"/>
<link rel="stylesheet" type="text/css" href="./style/sh-3.0.83/shThemeRDark.css"/>
<script language="javascript" src="./js/sh-3.0.83/shCore.js"></script>
<script language="javascript" src="./js/sh-3.0.83/shBrushBash.js"></script>
<script language="javascript" src="./js/sh-3.0.83/shBrushCss.js"></script>
<script language="javascript" src="./js/sh-3.0.83/shBrushDiff.js"></script>
<script language="javascript" src="./js/sh-3.0.83/shBrushGroovy.js"></script>
<script language="javascript" src="./js/sh-3.0.83/shBrushJava.js"></script>
<script language="javascript" src="./js/sh-3.0.83/shBrushJScript.js"></script>
<script language="javascript" src="./js/sh-3.0.83/shBrushPlain.js"></script>
<script language="javascript" src="./js/sh-3.0.83/shBrushPython.js"></script>
<script language="javascript" src="./js/sh-3.0.83/shBrushRuby.js"></script>
<script language="javascript" src="./js/sh-3.0.83/shBrushScala.js"></script>
<script language="javascript" src="./js/sh-3.0.83/shBrushXml.js"></script>
<script language="javascript" src="./js/shBrushBdd.js"></script>
<script type="text/javascript">
    SyntaxHighlighter.defaults['gutter'] = false;
    SyntaxHighlighter.defaults['toolbar'] = false;    
    SyntaxHighlighter.all();
</script>
</html>
